c:\users\marc.moreno\desktop\risk-programaci-\consoleapplication1\consoleapplication1\debug\consoleapplication1.pch
c:\users\marc.moreno\desktop\risk-programaci-\consoleapplication1\consoleapplication1\debug\vc120.pdb
c:\users\marc.moreno\desktop\risk-programaci-\consoleapplication1\consoleapplication1\debug\vc120.idb
c:\users\marc.moreno\desktop\risk-programaci-\consoleapplication1\consoleapplication1\debug\stdafx.obj
c:\users\marc.moreno\desktop\risk-programaci-\consoleapplication1\consoleapplication1\debug\consoleapplication1.obj
c:\users\marc.moreno\desktop\risk-programaci-\consoleapplication1\consoleapplication1\debug\excercit.obj
c:\users\marc.moreno\desktop\risk-programaci-\consoleapplication1\consoleapplication1\debug\faction.obj
c:\users\marc.moreno\desktop\risk-programaci-\consoleapplication1\consoleapplication1\debug\mapa.obj
c:\users\marc.moreno\desktop\risk-programaci-\consoleapplication1\consoleapplication1\debug\util.obj
c:\users\marc.moreno\desktop\risk-programaci-\consoleapplication1\debug\consoleapplication1.ilk
c:\users\marc.moreno\desktop\risk-programaci-\consoleapplication1\debug\consoleapplication1.exe
c:\users\marc.moreno\desktop\risk-programaci-\consoleapplication1\debug\consoleapplication1.pdb
c:\users\marc.moreno\desktop\risk-programaci-\consoleapplication1\consoleapplication1\debug\consoleapplication1.res
c:\users\marc.moreno\desktop\risk-programaci-\consoleapplication1\consoleapplication1\debug\consoleapplication1 (1).obj
c:\users\marc.moreno\desktop\risk-programaci-\consoleapplication1\consoleapplication1\debug\consoleapplication1 (2).obj
c:\users\marc.moreno\desktop\risk-programaci-\consoleapplication1\consoleapplication1\debug\consolea.bcb522e2.tlog\cl.command.1.tlog
c:\users\marc.moreno\desktop\risk-programaci-\consoleapplication1\consoleapplication1\debug\consolea.bcb522e2.tlog\cl.read.1.tlog
c:\users\marc.moreno\desktop\risk-programaci-\consoleapplication1\consoleapplication1\debug\consolea.bcb522e2.tlog\cl.write.1.tlog
c:\users\marc.moreno\desktop\risk-programaci-\consoleapplication1\consoleapplication1\debug\consolea.bcb522e2.tlog\link.command.1.tlog
c:\users\marc.moreno\desktop\risk-programaci-\consoleapplication1\consoleapplication1\debug\consolea.bcb522e2.tlog\link.read.1.tlog
c:\users\marc.moreno\desktop\risk-programaci-\consoleapplication1\consoleapplication1\debug\consolea.bcb522e2.tlog\link.write.1.tlog
c:\users\marc.moreno\desktop\risk-programaci-\consoleapplication1\consoleapplication1\debug\consolea.bcb522e2.tlog\rc.command.1.tlog
c:\users\marc.moreno\desktop\risk-programaci-\consoleapplication1\consoleapplication1\debug\consolea.bcb522e2.tlog\rc.read.1.tlog
c:\users\marc.moreno\desktop\risk-programaci-\consoleapplication1\consoleapplication1\debug\consolea.bcb522e2.tlog\rc.write.1.tlog
