Compilación iniciada a las 22/05/2015 20:34:08.
     1>Proyecto "C:\Users\marc.moreno\Desktop\Risk-Programaci-\ConsoleApplication1\ConsoleApplication1\ConsoleApplication1.vcxproj" en el nodo 2 (Build destinos).
     1>ClCompile:
         C:\Program Files (x86)\Microsoft Visual Studio 12.0\VC\bin\CL.exe /c /ZI /nologo /W3 /WX- /sdl /Od /Oy- /D WIN32 /D _DEBUG /D _CONSOLE /D _LIB /D _UNICODE /D UNICODE /Gm /EHsc /RTC1 /MDd /GS /fp:precise /Zc:wchar_t /Zc:forScope /Yu"stdafx.h" /Fp"Debug\ConsoleApplication1.pch" /Fo"Debug\\" /Fd"Debug\vc120.pdb" /Gd /TP /analyze- /errorReport:prompt Faction.cpp
         Faction.cpp
     1>c:\users\marc.moreno\desktop\risk-programaci-\consoleapplication1\consoleapplication1\unitats.h(120): warning C4244: '+=' : conversión de 'double' a 'float'; posible pérdida de datos
     1>c:\users\marc.moreno\desktop\risk-programaci-\consoleapplication1\consoleapplication1\unitats.h(121): warning C4244: '+=' : conversión de 'double' a 'float'; posible pérdida de datos
     1>c:\users\marc.moreno\desktop\risk-programaci-\consoleapplication1\consoleapplication1\unitats.h(166): warning C4244: '+=' : conversión de 'double' a 'float'; posible pérdida de datos
     1>c:\users\marc.moreno\desktop\risk-programaci-\consoleapplication1\consoleapplication1\unitats.h(167): warning C4244: '+=' : conversión de 'double' a 'float'; posible pérdida de datos
     1>c:\users\marc.moreno\desktop\risk-programaci-\consoleapplication1\consoleapplication1\unitats.h(170): warning C4244: '+=' : conversión de 'double' a 'float'; posible pérdida de datos
     1>c:\users\marc.moreno\desktop\risk-programaci-\consoleapplication1\consoleapplication1\unitats.h(212): warning C4244: '+=' : conversión de 'double' a 'float'; posible pérdida de datos
     1>c:\users\marc.moreno\desktop\risk-programaci-\consoleapplication1\consoleapplication1\unitats.h(213): warning C4244: '+=' : conversión de 'double' a 'float'; posible pérdida de datos
     1>c:\users\marc.moreno\desktop\risk-programaci-\consoleapplication1\consoleapplication1\unitats.h(217): warning C4244: '+=' : conversión de 'double' a 'float'; posible pérdida de datos
     1>c:\users\marc.moreno\desktop\risk-programaci-\consoleapplication1\consoleapplication1\unitats.h(218): warning C4244: '+=' : conversión de 'double' a 'float'; posible pérdida de datos
     1>c:\users\marc.moreno\desktop\risk-programaci-\consoleapplication1\consoleapplication1\unitats.h(259): warning C4244: '+=' : conversión de 'double' a 'float'; posible pérdida de datos
     1>c:\users\marc.moreno\desktop\risk-programaci-\consoleapplication1\consoleapplication1\unitats.h(263): warning C4244: '+=' : conversión de 'double' a 'float'; posible pérdida de datos
     1>c:\users\marc.moreno\desktop\risk-programaci-\consoleapplication1\consoleapplication1\unitats.h(264): warning C4244: '+=' : conversión de 'double' a 'float'; posible pérdida de datos
     1>c:\users\marc.moreno\desktop\risk-programaci-\consoleapplication1\consoleapplication1\unitats.h(265): warning C4244: '+=' : conversión de 'double' a 'float'; posible pérdida de datos
     1>c:\users\marc.moreno\desktop\risk-programaci-\consoleapplication1\consoleapplication1\unitats.h(304): warning C4244: '+=' : conversión de 'double' a 'float'; posible pérdida de datos
     1>c:\users\marc.moreno\desktop\risk-programaci-\consoleapplication1\consoleapplication1\unitats.h(309): warning C4244: '+=' : conversión de 'double' a 'float'; posible pérdida de datos
     1>c:\users\marc.moreno\desktop\risk-programaci-\consoleapplication1\consoleapplication1\unitats.h(310): warning C4244: '+=' : conversión de 'double' a 'float'; posible pérdida de datos
     1>c:\users\marc.moreno\desktop\risk-programaci-\consoleapplication1\consoleapplication1\unitats.h(311): warning C4244: '+=' : conversión de 'double' a 'float'; posible pérdida de datos
       Link:
         C:\Program Files (x86)\Microsoft Visual Studio 12.0\VC\bin\link.exe /ERRORREPORT:PROMPT /OUT:"C:\Users\marc.moreno\Desktop\Risk-Programaci-\ConsoleApplication1\Debug\ConsoleApplication1.exe" /INCREMENTAL /NOLOGO kernel32.lib user32.lib gdi32.lib winspool.lib comdlg32.lib advapi32.lib shell32.lib ole32.lib oleaut32.lib uuid.lib odbc32.lib odbccp32.lib /MANIFEST /MANIFESTUAC:"level='asInvoker' uiAccess='false'" /manifest:embed /DEBUG /PDB:"C:\Users\marc.moreno\Desktop\Risk-Programaci-\ConsoleApplication1\Debug\ConsoleApplication1.pdb" /SUBSYSTEM:CONSOLE /TLBID:1 /DYNAMICBASE /NXCOMPAT /IMPLIB:"C:\Users\marc.moreno\Desktop\Risk-Programaci-\ConsoleApplication1\Debug\ConsoleApplication1.lib" /MACHINE:X86 Debug\ConsoleApplication1.res
         Debug\ConsoleApplication1.obj
         Debug\Excercit.obj
         Debug\Faction.obj
         Debug\Mapa.obj
         Debug\stdafx.obj
         Debug\Util.obj
         ConsoleApplication1.vcxproj -> C:\Users\marc.moreno\Desktop\Risk-Programaci-\ConsoleApplication1\Debug\ConsoleApplication1.exe
     1>Compilación del proyecto terminada "C:\Users\marc.moreno\Desktop\Risk-Programaci-\ConsoleApplication1\ConsoleApplication1\ConsoleApplication1.vcxproj" (Build destinos).

Compilación correcta.

Tiempo transcurrido 00:00:00.82
